2024-10-07 09:59:08,120 - INFO - Checking the geo_em file for required fields...
2024-10-07 09:59:08,120 - ERROR - geo_em file not found: ../../01_year_2/01_Data/06_WRF/00_geo_ems/geo_em_madrid_200.d01.nc
2024-10-07 09:59:08,120 - ERROR - Required field FRC_URB2D is missing from the geo_em file. Exiting...
2024-10-07 09:59:49,872 - INFO - Checking the geo_em file for required fields...
2024-10-07 09:59:49,872 - ERROR - geo_em file not found: ../../01_year_2/01_Data/06_WRF/00_geo_ems/geo_em_madrid_200.d01.nc
2024-10-07 09:59:49,872 - ERROR - Required field URB_PARAM is missing from the geo_em file. Exiting...
2024-10-07 10:06:14,967 - INFO - Checking the geo_em file for required fields...
2024-10-07 10:06:14,967 - ERROR - geo_em file not found: ../../01_year_2/01_Data/06_WRF/00_geo_ems/geo_em_madrid_200.d01.nc
2024-10-07 10:06:14,967 - ERROR - Required field URB_PARAM is missing from the geo_em file. Exiting...
2024-10-07 10:07:28,838 - INFO - Checking the geo_em file for required fields...
2024-10-07 10:07:29,096 - ERROR - geo_em file not found: ../../01_year_2/01_Data/06_WRF/00_geo_ems/geo_em_madrid_200.d01.nc
2024-10-07 10:07:29,096 - ERROR - Required field URB_PARAM is missing from the geo_em file. Exiting...
2024-10-07 10:08:00,616 - INFO - Checking the geo_em file for required fields...
2024-10-07 10:08:00,748 - INFO - All required fields are present in the geo_em file.
2024-10-07 10:08:00,748 - INFO - Downloading fields...
2024-10-07 10:08:00,748 - INFO - Calculating fields...
2024-10-07 10:08:00,748 - INFO - Ingesting URB_PARAM into the geo_em file...
2024-10-07 10:08:00,748 - INFO - Cleaning up temporary files...
2024-10-07 10:08:00,748 - INFO - Temporary files in ./temp removed.
2024-10-07 10:08:00,748 - INFO - Process completed successfully.
2024-10-07 10:08:33,036 - INFO - Checking the geo_em file for required fields...
2024-10-07 10:08:33,170 - WARNING - Missing fields in geo_em file: ['FRC_URB2D']
2024-10-07 10:08:33,171 - ERROR - Required field FRC_URB2D is missing from the geo_em file. Exiting...
2024-10-07 10:13:33,800 - INFO - Checking the geo_em file for required fields...
2024-10-07 10:13:34,080 - WARNING - Missing fields in geo_em file: ['FRC_URB2D']
2024-10-07 10:13:34,080 - INFO - Downloading fields...
2024-10-07 10:13:34,080 - INFO - Calculating fields...
2024-10-07 10:13:34,080 - INFO - Ingesting FRC_URB2D into the geo_em file...
2024-10-07 10:13:55,024 - INFO - Checking the geo_em file for required fields...
2024-10-07 10:13:55,297 - WARNING - Missing fields in geo_em file: ['FRC_URB2D']
2024-10-07 10:13:55,298 - INFO - Downloading fields...
2024-10-07 10:13:55,298 - INFO - Calculating fields...
2024-10-07 10:13:55,298 - INFO - Ingesting FRC_URB2D into the geo_em file...
2024-10-07 10:15:05,183 - INFO - Checking the geo_em file for required fields...
2024-10-07 10:15:05,309 - WARNING - Missing fields in geo_em file: ['FRC_URB2D']
2024-10-07 12:09:14,442 - INFO - Checking the geo_em file for required fields...
2024-10-07 12:09:14,705 - INFO - All required fields are present in the geo_em file.
2024-10-07 12:09:51,817 - INFO - Checking the geo_em file for required fields...
2024-10-07 12:09:51,971 - INFO - All required fields are present in the geo_em file.
2024-10-07 12:10:13,523 - INFO - Checking the geo_em file for required fields...
2024-10-07 12:10:13,789 - INFO - All required fields are present in the geo_em file.
2024-10-07 12:10:21,352 - INFO - File downloaded and extracted: https://github.com/jacobogabeiraspenas/UrbanData01/raw/main/data/00_UrbanFraction/zoom_4_complete/04_07_zoom4_urban_fraction_100m_int8.zip
2024-10-07 12:10:21,352 - INFO - Cleaning up temporary files...
2024-10-07 12:10:21,353 - INFO - Temporary files in ./temp removed.
2024-10-07 12:10:21,353 - INFO - Process completed successfully.
2024-10-07 12:11:01,541 - INFO - Checking the geo_em file for required fields...
2024-10-07 12:11:01,678 - INFO - All required fields are present in the geo_em file.
2024-10-07 12:11:05,152 - INFO - File downloaded and extracted: https://github.com/jacobogabeiraspenas/UrbanData01/raw/main/data/00_UrbanFraction/zoom_4_complete/04_07_zoom4_urban_fraction_100m_int8.zip
2024-10-07 12:11:05,152 - INFO - Process completed successfully.
2024-10-07 12:11:52,470 - INFO - Checking the geo_em file for required fields...
2024-10-07 12:11:52,606 - INFO - All required fields are present in the geo_em file.
2024-10-07 12:11:53,393 - ERROR - Failed to download the file: https://github.com/jacobogabeiraspenas/UrbanData01/raw/main/data/data/01_URB_PARAM/zoom_4/04_07_zoom4_urban_fraction_100m_int8.zip
2024-10-07 12:11:53,393 - INFO - Process completed successfully.
2024-10-07 12:12:30,383 - INFO - Checking the geo_em file for required fields...
2024-10-07 12:12:30,518 - INFO - All required fields are present in the geo_em file.
2024-10-07 12:12:31,087 - ERROR - Failed to download the file: https://github.com/jacobogabeiraspenas/UrbanData01/raw/main/data/01_URB_PARAM/zoom_4/04_07_zoom4_urban_fraction_100m_int8.zip
2024-10-07 12:12:31,088 - INFO - Process completed successfully.
2024-10-07 12:16:10,964 - INFO - Checking the geo_em file for required fields...
2024-10-07 12:16:11,215 - INFO - All required fields are present in the geo_em file.
2024-10-07 12:16:44,707 - INFO - Checking the geo_em file for required fields...
2024-10-07 12:16:44,991 - INFO - All required fields are present in the geo_em file.
2024-10-07 12:16:45,419 - ERROR - Failed to download the file: https://github.com/jacobogabeiraspenas/UrbanData01/raw/main/data/01_URB_PARAM/zoom_4/04_07_zoom4_URB_PARAM_100m.zip.zip
2024-10-07 12:16:45,419 - INFO - Process completed successfully.
2024-10-07 12:17:02,782 - INFO - Checking the geo_em file for required fields...
2024-10-07 12:17:03,056 - INFO - All required fields are present in the geo_em file.
2024-10-07 12:17:10,234 - INFO - File downloaded and extracted: https://github.com/jacobogabeiraspenas/UrbanData01/raw/main/data/01_URB_PARAM/zoom_4/04_07_zoom4_URB_PARAM_100m.zip
2024-10-07 12:17:10,234 - INFO - Process completed successfully.
2024-10-07 12:20:57,867 - INFO - Checking the geo_em file for required fields...
2024-10-07 12:20:58,122 - INFO - All required fields are present in the geo_em file.
2024-10-07 12:21:02,911 - INFO - File downloaded and extracted: https://github.com/jacobogabeiraspenas/UrbanData01/raw/main/data/01_URB_PARAM/zoom_4/04_07_zoom4_URB_PARAM_100m.zip
2024-10-07 12:21:02,912 - INFO - Process completed successfully.
2024-10-07 12:23:11,105 - INFO - Checking the geo_em file for required fields...
2024-10-07 12:23:11,356 - INFO - All required fields are present in the geo_em file.
2024-10-07 12:23:14,712 - INFO - File downloaded and extracted: https://github.com/jacobogabeiraspenas/UrbanData01/raw/main/data/01_URB_PARAM/zoom_4/04_07_zoom4_URB_PARAM_100m.zip
2024-10-07 12:23:14,712 - INFO - Process completed successfully.
2024-10-07 12:23:28,022 - INFO - Checking the geo_em file for required fields...
2024-10-07 12:23:28,158 - INFO - All required fields are present in the geo_em file.
2024-10-07 12:23:31,060 - INFO - File downloaded and extracted: https://github.com/jacobogabeiraspenas/UrbanData01/raw/main/data/01_URB_PARAM/zoom_4/04_07_zoom4_URB_PARAM_100m.zip
2024-10-07 12:23:31,061 - INFO - Process completed successfully.
2024-10-07 12:28:50,189 - INFO - Checking the geo_em file for required fields...
2024-10-07 12:28:50,459 - INFO - All required fields are present in the geo_em file.
2024-10-07 12:28:51,050 - WARNING - Could not retrieve size for https://github.com/jacobogabeiraspenas/UrbanData01/raw/main/data/01_URB_PARAM/zoom_4/04_07_zoom4_URB_PARAM_100m.zip. Skipping...
2024-10-07 12:35:06,534 - INFO - Download canceled by the user.
2024-10-07 12:35:06,536 - INFO - Process completed successfully.
2024-10-07 12:35:18,778 - INFO - Checking the geo_em file for required fields...
2024-10-07 12:35:19,061 - INFO - All required fields are present in the geo_em file.
2024-10-07 12:35:26,841 - INFO - File downloaded and extracted: https://github.com/jacobogabeiraspenas/UrbanData01/raw/main/data/01_URB_PARAM/zoom_4/04_07_zoom4_URB_PARAM_100m.zip
2024-10-07 12:35:26,842 - INFO - Process completed successfully.
2024-10-07 12:36:17,061 - INFO - Checking the geo_em file for required fields...
2024-10-07 12:36:17,197 - INFO - All required fields are present in the geo_em file.
2024-10-07 12:36:23,060 - INFO - File downloaded and extracted: https://github.com/jacobogabeiraspenas/UrbanData01/raw/main/data/01_URB_PARAM/zoom_4/04_07_zoom4_URB_PARAM_100m.zip
2024-10-07 12:36:23,061 - INFO - Process completed successfully.
2024-10-07 12:39:04,645 - INFO - Checking the geo_em file for required fields...
2024-10-07 12:39:04,788 - INFO - All required fields are present in the geo_em file.
2024-10-07 12:39:15,627 - INFO - File downloaded and extracted: https://github.com/jacobogabeiraspenas/UrbanData01/raw/main/data/01_URB_PARAM/zoom_4/04_07_zoom4_URB_PARAM_100m.zip
2024-10-07 12:39:31,786 - INFO - File downloaded and extracted: https://github.com/jacobogabeiraspenas/UrbanData01/raw/main/data/01_URB_PARAM/zoom_4/04_08_zoom4_URB_PARAM_100m.zip
2024-10-07 12:39:31,789 - INFO - Process completed successfully.
2024-10-07 12:41:15,313 - INFO - Checking the geo_em file for required fields...
2024-10-07 12:41:15,574 - INFO - All required fields are present in the geo_em file.
2024-10-07 12:41:19,429 - INFO - Process completed successfully.
2024-10-07 12:42:05,485 - INFO - Checking the geo_em file for required fields...
2024-10-07 12:42:05,625 - INFO - All required fields are present in the geo_em file.
2024-10-07 12:42:07,558 - INFO - Process completed successfully.
2024-10-07 12:44:02,291 - INFO - Checking the geo_em file for required fields...
2024-10-07 12:44:02,588 - INFO - All required fields are present in the geo_em file.
2024-10-07 12:44:10,361 - INFO - File downloaded and extracted: https://github.com/jacobogabeiraspenas/UrbanData01/raw/main/data/01_URB_PARAM/zoom_4/04_07_zoom4_URB_PARAM_100m.zip
2024-10-07 12:44:28,325 - INFO - File downloaded and extracted: https://github.com/jacobogabeiraspenas/UrbanData01/raw/main/data/01_URB_PARAM/zoom_4/04_08_zoom4_URB_PARAM_100m.zip
2024-10-07 12:44:28,326 - INFO - Process completed successfully.
2024-10-07 12:56:28,681 - INFO - Checking the geo_em file for required fields...
2024-10-07 12:56:28,837 - INFO - All required fields are present in the geo_em file.
2024-10-07 12:56:34,974 - INFO - File downloaded and extracted: https://github.com/jacobogabeiraspenas/UrbanData01/raw/main/data/01_URB_PARAM/zoom_4/04_07_zoom4_URB_PARAM_100m.zip
2024-10-07 12:56:44,652 - INFO - File downloaded and extracted: https://github.com/jacobogabeiraspenas/UrbanData01/raw/main/data/01_URB_PARAM/zoom_4/04_08_zoom4_URB_PARAM_100m.zip
2024-10-07 12:56:44,720 - WARNING - CPLE_AppDefined in PROJ: internal_proj_create_from_database: /Users/gabeiras3j/opt/anaconda3/envs/repre/share/proj/proj.db contains DATABASE.LAYOUT.VERSION.MINOR = 2 whereas a number >= 3 is expected. It comes from another PROJ installation.
2024-10-07 12:56:44,769 - WARNING - CPLE_AppDefined in PROJ: internal_proj_create_from_database: /Users/gabeiras3j/opt/anaconda3/envs/repre/share/proj/proj.db contains DATABASE.LAYOUT.VERSION.MINOR = 2 whereas a number >= 3 is expected. It comes from another PROJ installation.
2024-10-07 12:56:45,402 - WARNING - CPLE_AppDefined:PROJ: internal_proj_create_from_database: /Users/gabeiras3j/opt/anaconda3/envs/repre/share/proj/proj.db contains DATABASE.LAYOUT.VERSION.MINOR = 2 whereas a number >= 3 is expected. It comes from another PROJ installation.
2024-10-07 12:56:55,448 - WARNING - CPLE_AppDefined:PROJ: internal_proj_create_from_database: /Users/gabeiras3j/opt/anaconda3/envs/repre/share/proj/proj.db contains DATABASE.LAYOUT.VERSION.MINOR = 2 whereas a number >= 3 is expected. It comes from another PROJ installation.
2024-10-07 12:57:06,943 - INFO - GDAL signalled an error: err_no=1, msg='PROJ: internal_proj_create_from_name: /Users/gabeiras3j/opt/anaconda3/envs/repre/share/proj/proj.db contains DATABASE.LAYOUT.VERSION.MINOR = 2 whereas a number >= 3 is expected. It comes from another PROJ installation.'
2024-10-07 12:57:10,406 - INFO - Merged file saved at ./temp/URB_PARAM/merged_tiles.tif
2024-10-07 12:57:10,456 - INFO - Process completed successfully.
2024-10-07 12:58:59,217 - INFO - Checking the geo_em file for required fields...
2024-10-07 12:58:59,338 - INFO - All required fields are present in the geo_em file.
2024-10-07 12:59:20,590 - INFO - File downloaded and extracted: https://github.com/jacobogabeiraspenas/UrbanData01/raw/main/data/01_URB_PARAM/zoom_4/04_08_zoom4_URB_PARAM_100m.zip
2024-10-07 12:59:23,405 - INFO - File downloaded and extracted: https://github.com/jacobogabeiraspenas/UrbanData01/raw/main/data/01_URB_PARAM/zoom_4/04_07_zoom4_URB_PARAM_100m.zip
2024-10-07 12:59:23,438 - WARNING - CPLE_AppDefined in PROJ: internal_proj_create_from_database: /Users/gabeiras3j/opt/anaconda3/envs/repre/share/proj/proj.db contains DATABASE.LAYOUT.VERSION.MINOR = 2 whereas a number >= 3 is expected. It comes from another PROJ installation.
2024-10-07 12:59:23,482 - WARNING - CPLE_AppDefined in PROJ: internal_proj_create_from_database: /Users/gabeiras3j/opt/anaconda3/envs/repre/share/proj/proj.db contains DATABASE.LAYOUT.VERSION.MINOR = 2 whereas a number >= 3 is expected. It comes from another PROJ installation.
2024-10-07 12:59:24,028 - WARNING - CPLE_AppDefined:PROJ: internal_proj_create_from_database: /Users/gabeiras3j/opt/anaconda3/envs/repre/share/proj/proj.db contains DATABASE.LAYOUT.VERSION.MINOR = 2 whereas a number >= 3 is expected. It comes from another PROJ installation.
2024-10-07 12:59:36,158 - WARNING - CPLE_AppDefined:PROJ: internal_proj_create_from_database: /Users/gabeiras3j/opt/anaconda3/envs/repre/share/proj/proj.db contains DATABASE.LAYOUT.VERSION.MINOR = 2 whereas a number >= 3 is expected. It comes from another PROJ installation.
2024-10-07 12:59:46,602 - INFO - GDAL signalled an error: err_no=1, msg='PROJ: internal_proj_create_from_name: /Users/gabeiras3j/opt/anaconda3/envs/repre/share/proj/proj.db contains DATABASE.LAYOUT.VERSION.MINOR = 2 whereas a number >= 3 is expected. It comes from another PROJ installation.'
2024-10-07 12:59:52,066 - INFO - Compressed merged file saved at ./temp/URB_PARAM/merged_tiles.tif
2024-10-07 12:59:52,108 - INFO - Process completed successfully.
2024-10-07 14:09:46,652 - INFO - Checking the geo_em file for required fields...
2024-10-07 14:09:46,821 - INFO - All required fields are present in the geo_em file.
2024-10-07 14:09:55,563 - INFO - File downloaded and extracted: https://github.com/jacobogabeiraspenas/UrbanData01/raw/main/data/01_URB_PARAM/zoom_4/04_07_zoom4_URB_PARAM_100m.zip
2024-10-07 14:10:02,289 - INFO - File downloaded and extracted: https://github.com/jacobogabeiraspenas/UrbanData01/raw/main/data/01_URB_PARAM/zoom_4/04_08_zoom4_URB_PARAM_100m.zip
2024-10-07 14:10:02,356 - WARNING - CPLE_AppDefined in PROJ: internal_proj_create_from_database: /Users/gabeiras3j/opt/anaconda3/envs/repre/share/proj/proj.db contains DATABASE.LAYOUT.VERSION.MINOR = 2 whereas a number >= 3 is expected. It comes from another PROJ installation.
2024-10-07 14:10:02,406 - WARNING - CPLE_AppDefined in PROJ: internal_proj_create_from_database: /Users/gabeiras3j/opt/anaconda3/envs/repre/share/proj/proj.db contains DATABASE.LAYOUT.VERSION.MINOR = 2 whereas a number >= 3 is expected. It comes from another PROJ installation.
2024-10-07 14:10:03,071 - WARNING - CPLE_AppDefined:PROJ: internal_proj_create_from_database: /Users/gabeiras3j/opt/anaconda3/envs/repre/share/proj/proj.db contains DATABASE.LAYOUT.VERSION.MINOR = 2 whereas a number >= 3 is expected. It comes from another PROJ installation.
2024-10-07 14:10:13,407 - WARNING - CPLE_AppDefined:PROJ: internal_proj_create_from_database: /Users/gabeiras3j/opt/anaconda3/envs/repre/share/proj/proj.db contains DATABASE.LAYOUT.VERSION.MINOR = 2 whereas a number >= 3 is expected. It comes from another PROJ installation.
2024-10-07 14:10:25,085 - INFO - GDAL signalled an error: err_no=1, msg='PROJ: internal_proj_create_from_name: /Users/gabeiras3j/opt/anaconda3/envs/repre/share/proj/proj.db contains DATABASE.LAYOUT.VERSION.MINOR = 2 whereas a number >= 3 is expected. It comes from another PROJ installation.'
2024-10-07 14:10:30,695 - INFO - Compressed merged file saved at ./temp/URB_PARAM/merged_tiles.tif
2024-10-07 14:10:30,738 - INFO - Ingesting URB_PARAM into the geo_em file...
2024-10-07 14:13:48,642 - INFO - Checking the geo_em file for required fields...
2024-10-07 14:13:48,742 - INFO - All required fields are present in the geo_em file.
2024-10-07 14:14:00,612 - INFO - File downloaded and extracted: https://github.com/jacobogabeiraspenas/UrbanData01/raw/main/data/01_URB_PARAM/zoom_4/04_08_zoom4_URB_PARAM_100m.zip
2024-10-07 14:14:02,622 - INFO - File downloaded and extracted: https://github.com/jacobogabeiraspenas/UrbanData01/raw/main/data/01_URB_PARAM/zoom_4/04_07_zoom4_URB_PARAM_100m.zip
2024-10-07 14:14:02,656 - WARNING - CPLE_AppDefined in PROJ: internal_proj_create_from_database: /Users/gabeiras3j/opt/anaconda3/envs/repre/share/proj/proj.db contains DATABASE.LAYOUT.VERSION.MINOR = 2 whereas a number >= 3 is expected. It comes from another PROJ installation.
2024-10-07 14:14:02,703 - WARNING - CPLE_AppDefined in PROJ: internal_proj_create_from_database: /Users/gabeiras3j/opt/anaconda3/envs/repre/share/proj/proj.db contains DATABASE.LAYOUT.VERSION.MINOR = 2 whereas a number >= 3 is expected. It comes from another PROJ installation.
2024-10-07 14:14:03,259 - WARNING - CPLE_AppDefined:PROJ: internal_proj_create_from_database: /Users/gabeiras3j/opt/anaconda3/envs/repre/share/proj/proj.db contains DATABASE.LAYOUT.VERSION.MINOR = 2 whereas a number >= 3 is expected. It comes from another PROJ installation.
2024-10-07 14:14:15,209 - WARNING - CPLE_AppDefined:PROJ: internal_proj_create_from_database: /Users/gabeiras3j/opt/anaconda3/envs/repre/share/proj/proj.db contains DATABASE.LAYOUT.VERSION.MINOR = 2 whereas a number >= 3 is expected. It comes from another PROJ installation.
2024-10-07 14:14:25,324 - INFO - GDAL signalled an error: err_no=1, msg='PROJ: internal_proj_create_from_name: /Users/gabeiras3j/opt/anaconda3/envs/repre/share/proj/proj.db contains DATABASE.LAYOUT.VERSION.MINOR = 2 whereas a number >= 3 is expected. It comes from another PROJ installation.'
2024-10-07 14:14:30,936 - INFO - Compressed merged file saved at ./temp/URB_PARAM/merged_tiles.tif
2024-10-07 14:14:30,978 - INFO - Ingesting URB_PARAM into the geo_em file...
2024-10-07 14:14:57,761 - INFO - Checking the geo_em file for required fields...
2024-10-07 14:14:57,859 - INFO - All required fields are present in the geo_em file.
2024-10-07 14:15:06,093 - INFO - File downloaded and extracted: https://github.com/jacobogabeiraspenas/UrbanData01/raw/main/data/00_UrbanFraction/zoom_4_complete/04_07_zoom4_urban_fraction_100m_int8.zip
2024-10-07 14:15:10,567 - INFO - File downloaded and extracted: https://github.com/jacobogabeiraspenas/UrbanData01/raw/main/data/00_UrbanFraction/zoom_4_complete/04_08_zoom4_urban_fraction_100m_int8.zip
2024-10-07 14:15:10,603 - WARNING - CPLE_AppDefined in PROJ: internal_proj_create_from_database: /Users/gabeiras3j/opt/anaconda3/envs/repre/share/proj/proj.db contains DATABASE.LAYOUT.VERSION.MINOR = 2 whereas a number >= 3 is expected. It comes from another PROJ installation.
2024-10-07 14:15:10,651 - WARNING - CPLE_AppDefined in PROJ: internal_proj_create_from_database: /Users/gabeiras3j/opt/anaconda3/envs/repre/share/proj/proj.db contains DATABASE.LAYOUT.VERSION.MINOR = 2 whereas a number >= 3 is expected. It comes from another PROJ installation.
2024-10-07 14:15:10,960 - WARNING - CPLE_AppDefined:PROJ: internal_proj_create_from_database: /Users/gabeiras3j/opt/anaconda3/envs/repre/share/proj/proj.db contains DATABASE.LAYOUT.VERSION.MINOR = 2 whereas a number >= 3 is expected. It comes from another PROJ installation.
2024-10-07 14:15:28,705 - WARNING - CPLE_AppDefined:PROJ: internal_proj_create_from_database: /Users/gabeiras3j/opt/anaconda3/envs/repre/share/proj/proj.db contains DATABASE.LAYOUT.VERSION.MINOR = 2 whereas a number >= 3 is expected. It comes from another PROJ installation.
2024-10-07 14:15:47,365 - INFO - GDAL signalled an error: err_no=1, msg='PROJ: internal_proj_create_from_name: /Users/gabeiras3j/opt/anaconda3/envs/repre/share/proj/proj.db contains DATABASE.LAYOUT.VERSION.MINOR = 2 whereas a number >= 3 is expected. It comes from another PROJ installation.'
2024-10-07 14:15:49,588 - INFO - Compressed merged file saved at ./temp/FRC_URB2D/merged_tiles.tif
2024-10-07 14:15:49,603 - INFO - Calculating FRC_URB2D field...
2024-10-07 14:20:45,396 - INFO - Checking the geo_em file for required fields...
2024-10-07 14:20:45,484 - INFO - All required fields are present in the geo_em file.
2024-10-07 14:20:49,488 - INFO - File downloaded and extracted: https://github.com/jacobogabeiraspenas/UrbanData01/raw/main/data/00_UrbanFraction/zoom_4_complete/04_07_zoom4_urban_fraction_100m_int8.zip
2024-10-07 14:20:49,488 - INFO - Only one tile downloaded. No merging required.
2024-10-07 14:20:49,488 - INFO - Calculating FRC_URB2D field...
2024-10-07 14:21:17,919 - INFO - Checking the geo_em file for required fields...
2024-10-07 14:21:18,002 - INFO - All required fields are present in the geo_em file.
2024-10-07 14:21:21,673 - INFO - File downloaded and extracted: https://github.com/jacobogabeiraspenas/UrbanData01/raw/main/data/00_UrbanFraction/zoom_4_complete/04_07_zoom4_urban_fraction_100m_int8.zip
2024-10-07 14:21:21,673 - INFO - Only one tile downloaded. No merging required.
2024-10-07 14:21:21,673 - INFO - Calculating FRC_URB2D field...
2024-10-07 14:21:30,552 - INFO - Ingesting FRC_URB2D into the geo_em file...
2024-10-07 14:23:22,260 - INFO - Checking the geo_em file for required fields...
2024-10-07 14:23:22,351 - INFO - All required fields are present in the geo_em file.
2024-10-07 14:23:27,396 - INFO - File downloaded and extracted: https://github.com/jacobogabeiraspenas/UrbanData01/raw/main/data/00_UrbanFraction/zoom_4_complete/04_07_zoom4_urban_fraction_100m_int8.zip
2024-10-07 14:23:27,397 - INFO - Only one tile downloaded. No merging required.
2024-10-07 14:23:27,397 - INFO - Calculating FRC_URB2D field...
2024-10-07 14:23:36,035 - INFO - Ingesting FRC_URB2D into the geo_em file...
2024-10-07 14:23:36,036 - INFO - Ingesting FRC_URB2D into geo_em_test_madrid.nc...
2024-10-07 14:23:36,108 - INFO - Process completed successfully.
2024-10-07 14:26:48,276 - INFO - Checking the geo_em file for required fields...
2024-10-07 14:26:48,420 - INFO - All required fields are present in the geo_em file.
2024-10-07 14:27:04,386 - INFO - File downloaded and extracted: https://github.com/jacobogabeiraspenas/UrbanData01/raw/main/data/00_UrbanFraction/zoom_4_complete/04_08_zoom4_urban_fraction_100m_int8.zip
2024-10-07 14:27:07,895 - INFO - File downloaded and extracted: https://github.com/jacobogabeiraspenas/UrbanData01/raw/main/data/00_UrbanFraction/zoom_4_complete/04_07_zoom4_urban_fraction_100m_int8.zip
2024-10-07 14:27:07,962 - WARNING - CPLE_AppDefined in PROJ: internal_proj_create_from_database: /Users/gabeiras3j/opt/anaconda3/envs/repre/share/proj/proj.db contains DATABASE.LAYOUT.VERSION.MINOR = 2 whereas a number >= 3 is expected. It comes from another PROJ installation.
2024-10-07 14:27:08,012 - WARNING - CPLE_AppDefined in PROJ: internal_proj_create_from_database: /Users/gabeiras3j/opt/anaconda3/envs/repre/share/proj/proj.db contains DATABASE.LAYOUT.VERSION.MINOR = 2 whereas a number >= 3 is expected. It comes from another PROJ installation.
2024-10-07 14:27:08,373 - WARNING - CPLE_AppDefined:PROJ: internal_proj_create_from_database: /Users/gabeiras3j/opt/anaconda3/envs/repre/share/proj/proj.db contains DATABASE.LAYOUT.VERSION.MINOR = 2 whereas a number >= 3 is expected. It comes from another PROJ installation.
2024-10-07 14:27:26,920 - WARNING - CPLE_AppDefined:PROJ: internal_proj_create_from_database: /Users/gabeiras3j/opt/anaconda3/envs/repre/share/proj/proj.db contains DATABASE.LAYOUT.VERSION.MINOR = 2 whereas a number >= 3 is expected. It comes from another PROJ installation.
2024-10-07 14:27:45,359 - INFO - GDAL signalled an error: err_no=1, msg='PROJ: internal_proj_create_from_name: /Users/gabeiras3j/opt/anaconda3/envs/repre/share/proj/proj.db contains DATABASE.LAYOUT.VERSION.MINOR = 2 whereas a number >= 3 is expected. It comes from another PROJ installation.'
2024-10-07 14:27:47,532 - INFO - Compressed merged file saved at ./temp/FRC_URB2D/merged_tiles.tif
2024-10-07 14:27:47,547 - INFO - Calculating FRC_URB2D field...
2024-10-07 14:27:57,717 - INFO - Ingesting FRC_URB2D into the geo_em file...
2024-10-07 14:27:57,718 - INFO - Ingesting FRC_URB2D into geo_em_valencia_test.nc...
2024-10-07 14:27:57,801 - INFO - Process completed successfully.
2024-10-07 14:29:22,282 - INFO - Checking the geo_em file for required fields...
2024-10-07 14:29:22,381 - INFO - All required fields are present in the geo_em file.
2024-10-07 14:29:26,777 - INFO - File downloaded and extracted: https://github.com/jacobogabeiraspenas/UrbanData01/raw/main/data/00_UrbanFraction/zoom_4_complete/04_07_zoom4_urban_fraction_100m_int8.zip
2024-10-07 14:29:32,955 - INFO - File downloaded and extracted: https://github.com/jacobogabeiraspenas/UrbanData01/raw/main/data/00_UrbanFraction/zoom_4_complete/04_08_zoom4_urban_fraction_100m_int8.zip
2024-10-07 14:29:32,990 - WARNING - CPLE_AppDefined in PROJ: internal_proj_create_from_database: /Users/gabeiras3j/opt/anaconda3/envs/repre/share/proj/proj.db contains DATABASE.LAYOUT.VERSION.MINOR = 2 whereas a number >= 3 is expected. It comes from another PROJ installation.
2024-10-07 14:29:33,038 - WARNING - CPLE_AppDefined in PROJ: internal_proj_create_from_database: /Users/gabeiras3j/opt/anaconda3/envs/repre/share/proj/proj.db contains DATABASE.LAYOUT.VERSION.MINOR = 2 whereas a number >= 3 is expected. It comes from another PROJ installation.
2024-10-07 14:29:33,349 - WARNING - CPLE_AppDefined:PROJ: internal_proj_create_from_database: /Users/gabeiras3j/opt/anaconda3/envs/repre/share/proj/proj.db contains DATABASE.LAYOUT.VERSION.MINOR = 2 whereas a number >= 3 is expected. It comes from another PROJ installation.
2024-10-07 14:29:53,880 - WARNING - CPLE_AppDefined:PROJ: internal_proj_create_from_database: /Users/gabeiras3j/opt/anaconda3/envs/repre/share/proj/proj.db contains DATABASE.LAYOUT.VERSION.MINOR = 2 whereas a number >= 3 is expected. It comes from another PROJ installation.
2024-10-07 14:30:15,367 - INFO - GDAL signalled an error: err_no=1, msg='PROJ: internal_proj_create_from_name: /Users/gabeiras3j/opt/anaconda3/envs/repre/share/proj/proj.db contains DATABASE.LAYOUT.VERSION.MINOR = 2 whereas a number >= 3 is expected. It comes from another PROJ installation.'
2024-10-07 14:30:17,490 - INFO - Compressed merged file saved at ./temp/FRC_URB2D/merged_tiles.tif
2024-10-07 14:30:17,505 - INFO - Calculating FRC_URB2D field...
2024-10-07 14:30:27,831 - INFO - Ingesting FRC_URB2D into the geo_em file...
2024-10-07 14:30:27,831 - INFO - Ingesting FRC_URB2D into geo_em_valencia_test1.nc...
2024-10-07 14:30:27,909 - INFO - Process completed successfully.
2024-10-07 14:31:10,021 - INFO - Checking the geo_em file for required fields...
2024-10-07 14:31:10,119 - INFO - All required fields are present in the geo_em file.
2024-10-07 14:31:34,700 - INFO - Checking the geo_em file for required fields...
2024-10-07 14:31:34,786 - INFO - All required fields are present in the geo_em file.
2024-10-07 14:31:45,314 - INFO - File downloaded and extracted: https://github.com/jacobogabeiraspenas/UrbanData01/raw/main/data/00_UrbanFraction/zoom_4_complete/04_08_zoom4_urban_fraction_100m_int8.zip
2024-10-07 14:31:47,610 - INFO - File downloaded and extracted: https://github.com/jacobogabeiraspenas/UrbanData01/raw/main/data/00_UrbanFraction/zoom_4_complete/04_07_zoom4_urban_fraction_100m_int8.zip
2024-10-07 14:31:47,644 - WARNING - CPLE_AppDefined in PROJ: internal_proj_create_from_database: /Users/gabeiras3j/opt/anaconda3/envs/repre/share/proj/proj.db contains DATABASE.LAYOUT.VERSION.MINOR = 2 whereas a number >= 3 is expected. It comes from another PROJ installation.
2024-10-07 14:31:47,692 - WARNING - CPLE_AppDefined in PROJ: internal_proj_create_from_database: /Users/gabeiras3j/opt/anaconda3/envs/repre/share/proj/proj.db contains DATABASE.LAYOUT.VERSION.MINOR = 2 whereas a number >= 3 is expected. It comes from another PROJ installation.
2024-10-07 14:31:48,005 - WARNING - CPLE_AppDefined:PROJ: internal_proj_create_from_database: /Users/gabeiras3j/opt/anaconda3/envs/repre/share/proj/proj.db contains DATABASE.LAYOUT.VERSION.MINOR = 2 whereas a number >= 3 is expected. It comes from another PROJ installation.
2024-10-07 14:32:05,618 - WARNING - CPLE_AppDefined:PROJ: internal_proj_create_from_database: /Users/gabeiras3j/opt/anaconda3/envs/repre/share/proj/proj.db contains DATABASE.LAYOUT.VERSION.MINOR = 2 whereas a number >= 3 is expected. It comes from another PROJ installation.
2024-10-07 14:32:23,427 - INFO - GDAL signalled an error: err_no=1, msg='PROJ: internal_proj_create_from_name: /Users/gabeiras3j/opt/anaconda3/envs/repre/share/proj/proj.db contains DATABASE.LAYOUT.VERSION.MINOR = 2 whereas a number >= 3 is expected. It comes from another PROJ installation.'
2024-10-07 14:32:25,641 - INFO - Compressed merged file saved at ./temp/FRC_URB2D/merged_tiles.tif
2024-10-07 14:32:25,655 - INFO - Calculating FRC_URB2D field...
2024-10-07 14:32:36,004 - INFO - Ingesting FRC_URB2D into the geo_em file...
2024-10-07 14:32:36,007 - INFO - Ingesting FRC_URB2D into geo_em_valencia_test1.nc...
2024-10-07 14:32:36,126 - INFO - Process completed successfully.
2024-10-07 14:33:43,970 - INFO - Checking the geo_em file for required fields...
2024-10-07 14:33:44,064 - INFO - All required fields are present in the geo_em file.
2024-10-07 14:33:50,228 - INFO - File downloaded and extracted: https://github.com/jacobogabeiraspenas/UrbanData01/raw/main/data/00_UrbanFraction/zoom_4_complete/04_07_zoom4_urban_fraction_100m_int8.zip
2024-10-07 14:33:58,524 - INFO - File downloaded and extracted: https://github.com/jacobogabeiraspenas/UrbanData01/raw/main/data/00_UrbanFraction/zoom_4_complete/04_08_zoom4_urban_fraction_100m_int8.zip
2024-10-07 14:33:58,558 - WARNING - CPLE_AppDefined in PROJ: internal_proj_create_from_database: /Users/gabeiras3j/opt/anaconda3/envs/repre/share/proj/proj.db contains DATABASE.LAYOUT.VERSION.MINOR = 2 whereas a number >= 3 is expected. It comes from another PROJ installation.
2024-10-07 14:33:58,637 - WARNING - CPLE_AppDefined in PROJ: internal_proj_create_from_database: /Users/gabeiras3j/opt/anaconda3/envs/repre/share/proj/proj.db contains DATABASE.LAYOUT.VERSION.MINOR = 2 whereas a number >= 3 is expected. It comes from another PROJ installation.
2024-10-07 14:33:58,945 - WARNING - CPLE_AppDefined:PROJ: internal_proj_create_from_database: /Users/gabeiras3j/opt/anaconda3/envs/repre/share/proj/proj.db contains DATABASE.LAYOUT.VERSION.MINOR = 2 whereas a number >= 3 is expected. It comes from another PROJ installation.
2024-10-07 14:34:16,454 - WARNING - CPLE_AppDefined:PROJ: internal_proj_create_from_database: /Users/gabeiras3j/opt/anaconda3/envs/repre/share/proj/proj.db contains DATABASE.LAYOUT.VERSION.MINOR = 2 whereas a number >= 3 is expected. It comes from another PROJ installation.
2024-10-07 14:34:34,425 - INFO - GDAL signalled an error: err_no=1, msg='PROJ: internal_proj_create_from_name: /Users/gabeiras3j/opt/anaconda3/envs/repre/share/proj/proj.db contains DATABASE.LAYOUT.VERSION.MINOR = 2 whereas a number >= 3 is expected. It comes from another PROJ installation.'
2024-10-07 14:34:36,581 - INFO - Compressed merged file saved at ./temp/FRC_URB2D/merged_tiles.tif
2024-10-07 14:34:36,596 - INFO - Calculating FRC_URB2D field...
2024-10-07 14:34:46,844 - INFO - Ingesting FRC_URB2D into the geo_em file...
2024-10-07 14:34:46,845 - INFO - Ingesting FRC_URB2D into geo_em_valencia_test1.nc...
2024-10-07 14:34:46,945 - INFO - Process completed successfully.
2024-10-07 14:39:07,175 - INFO - Checking the geo_em file for required fields...
2024-10-07 14:39:07,274 - INFO - All required fields are present in the geo_em file.
2024-10-07 14:39:20,325 - INFO - File downloaded and extracted: https://github.com/jacobogabeiraspenas/UrbanData01/raw/main/data/00_UrbanFraction/zoom_4_complete/04_08_zoom4_urban_fraction_100m_int8.zip
2024-10-07 14:39:23,277 - INFO - File downloaded and extracted: https://github.com/jacobogabeiraspenas/UrbanData01/raw/main/data/00_UrbanFraction/zoom_4_complete/04_07_zoom4_urban_fraction_100m_int8.zip
2024-10-07 14:39:23,310 - WARNING - CPLE_AppDefined in PROJ: internal_proj_create_from_database: /Users/gabeiras3j/opt/anaconda3/envs/repre/share/proj/proj.db contains DATABASE.LAYOUT.VERSION.MINOR = 2 whereas a number >= 3 is expected. It comes from another PROJ installation.
2024-10-07 14:39:23,356 - WARNING - CPLE_AppDefined in PROJ: internal_proj_create_from_database: /Users/gabeiras3j/opt/anaconda3/envs/repre/share/proj/proj.db contains DATABASE.LAYOUT.VERSION.MINOR = 2 whereas a number >= 3 is expected. It comes from another PROJ installation.
2024-10-07 14:39:23,673 - WARNING - CPLE_AppDefined:PROJ: internal_proj_create_from_database: /Users/gabeiras3j/opt/anaconda3/envs/repre/share/proj/proj.db contains DATABASE.LAYOUT.VERSION.MINOR = 2 whereas a number >= 3 is expected. It comes from another PROJ installation.
2024-10-07 14:39:41,540 - WARNING - CPLE_AppDefined:PROJ: internal_proj_create_from_database: /Users/gabeiras3j/opt/anaconda3/envs/repre/share/proj/proj.db contains DATABASE.LAYOUT.VERSION.MINOR = 2 whereas a number >= 3 is expected. It comes from another PROJ installation.
2024-10-07 14:39:59,856 - INFO - GDAL signalled an error: err_no=1, msg='PROJ: internal_proj_create_from_name: /Users/gabeiras3j/opt/anaconda3/envs/repre/share/proj/proj.db contains DATABASE.LAYOUT.VERSION.MINOR = 2 whereas a number >= 3 is expected. It comes from another PROJ installation.'
2024-10-07 14:40:01,981 - INFO - Compressed merged file saved at ./temp/FRC_URB2D/merged_tiles.tif
2024-10-07 14:40:01,996 - INFO - Calculating FRC_URB2D field...
2024-10-07 14:40:03,095 - INFO - Ingesting FRC_URB2D into the geo_em file...
2024-10-07 14:43:04,950 - INFO - Checking the geo_em file for required fields...
2024-10-07 14:43:05,047 - INFO - All required fields are present in the geo_em file.
2024-10-07 14:43:13,677 - INFO - File downloaded and extracted: https://github.com/jacobogabeiraspenas/UrbanData01/raw/main/data/00_UrbanFraction/zoom_4_complete/04_08_zoom4_urban_fraction_100m_int8.zip
2024-10-07 14:43:15,108 - INFO - File downloaded and extracted: https://github.com/jacobogabeiraspenas/UrbanData01/raw/main/data/00_UrbanFraction/zoom_4_complete/04_07_zoom4_urban_fraction_100m_int8.zip
2024-10-07 14:43:15,142 - WARNING - CPLE_AppDefined in PROJ: internal_proj_create_from_database: /Users/gabeiras3j/opt/anaconda3/envs/repre/share/proj/proj.db contains DATABASE.LAYOUT.VERSION.MINOR = 2 whereas a number >= 3 is expected. It comes from another PROJ installation.
2024-10-07 14:43:15,191 - WARNING - CPLE_AppDefined in PROJ: internal_proj_create_from_database: /Users/gabeiras3j/opt/anaconda3/envs/repre/share/proj/proj.db contains DATABASE.LAYOUT.VERSION.MINOR = 2 whereas a number >= 3 is expected. It comes from another PROJ installation.
2024-10-07 14:43:15,521 - WARNING - CPLE_AppDefined:PROJ: internal_proj_create_from_database: /Users/gabeiras3j/opt/anaconda3/envs/repre/share/proj/proj.db contains DATABASE.LAYOUT.VERSION.MINOR = 2 whereas a number >= 3 is expected. It comes from another PROJ installation.
2024-10-07 14:43:33,939 - WARNING - CPLE_AppDefined:PROJ: internal_proj_create_from_database: /Users/gabeiras3j/opt/anaconda3/envs/repre/share/proj/proj.db contains DATABASE.LAYOUT.VERSION.MINOR = 2 whereas a number >= 3 is expected. It comes from another PROJ installation.
2024-10-07 14:43:52,891 - INFO - GDAL signalled an error: err_no=1, msg='PROJ: internal_proj_create_from_name: /Users/gabeiras3j/opt/anaconda3/envs/repre/share/proj/proj.db contains DATABASE.LAYOUT.VERSION.MINOR = 2 whereas a number >= 3 is expected. It comes from another PROJ installation.'
2024-10-07 14:43:55,052 - INFO - Compressed merged file saved at ./temp/FRC_URB2D/merged_tiles.tif
2024-10-07 14:43:55,068 - INFO - Calculating FRC_URB2D field...
2024-10-07 14:43:56,190 - INFO - Ingesting FRC_URB2D into the geo_em file...
2024-10-07 14:43:56,275 - INFO - Modified geo_em file saved to 00test/geo_em_valencia_test1_modified.nc
2024-10-07 14:43:56,275 - INFO - Process completed successfully.
2024-10-07 14:46:09,413 - INFO - Checking the geo_em file for required fields...
2024-10-07 14:46:09,510 - INFO - All required fields are present in the geo_em file.
2024-10-07 14:46:15,012 - INFO - File downloaded and extracted: https://github.com/jacobogabeiraspenas/UrbanData01/raw/main/data/00_UrbanFraction/zoom_4_complete/04_07_zoom4_urban_fraction_100m_int8.zip
2024-10-07 14:46:15,013 - INFO - Only one tile downloaded. No merging required.
2024-10-07 14:46:15,013 - INFO - Calculating FRC_URB2D field...
2024-10-07 14:46:15,095 - INFO - Ingesting FRC_URB2D into the geo_em file...
2024-10-07 14:46:15,153 - INFO - Modified geo_em file saved to 00test/geo_em_test_madrid_modified.nc
2024-10-07 14:46:15,153 - INFO - Process completed successfully.
